<?xml version="1.0" encoding="UTF-8"?>
<testng-results ignored="0" total="1" passed="1" failed="0" skipped="0">
  <reporter-output>
  </reporter-output>
  <suite started-at="2024-02-05T20:00:33 IST" name="Default suite" finished-at="2024-02-05T20:01:18 IST" duration-ms="44696">
    <groups>
    </groups>
    <test started-at="2024-02-05T20:00:33 IST" name="Default test" finished-at="2024-02-05T20:01:18 IST" duration-ms="44696">
      <class name="Packone.PageOne">
        <test-method is-config="true" signature="setup()[pri:0, instance:Packone.PageOne@7e07db1f]" started-at="2024-02-05T20:00:33 IST" name="setup" finished-at="2024-02-05T20:01:06 IST" duration-ms="32945" status="PASS">
          <reporter-output>
          </reporter-output>
        </test-method> <!-- setup -->
        <test-method signature="checkTheUrl()[pri:0, instance:Packone.PageOne@7e07db1f]" started-at="2024-02-05T20:01:07 IST" name="checkTheUrl" finished-at="2024-02-05T20:01:18 IST" duration-ms="11070" status="PASS">
          <reporter-output>
          </reporter-output>
        </test-method> <!-- checkTheUrl -->
        <test-method is-config="true" signature="teardown()[pri:0, instance:Packone.PageOne@7e07db1f]" started-at="2024-02-05T20:01:18 IST" name="teardown" finished-at="2024-02-05T20:01:18 IST" duration-ms="4" status="PASS">
          <reporter-output>
          </reporter-output>
        </test-method> <!-- teardown -->
      </class> <!-- Packone.PageOne -->
    </test> <!-- Default test -->
  </suite> <!-- Default suite -->
</testng-results>
